[debug] [2021-02-02T03:31:53.825Z] ----------------------------------------------------------------------
[debug] [2021-02-02T03:31:53.828Z] Command:       C:\Program Files\nodejs\node.exe C:\Users\gonza\AppData\Roaming\npm\node_modules\firebase-tools\lib\bin\firebase.js init emulators
[debug] [2021-02-02T03:31:53.829Z] CLI Version:   9.2.2
[debug] [2021-02-02T03:31:53.829Z] Platform:      win32
[debug] [2021-02-02T03:31:53.829Z] Node Version:  v12.18.3
[debug] [2021-02-02T03:31:53.830Z] Time:          Mon Feb 01 2021 20:31:53 GMT-0700 (Mountain Standard Time)
[debug] [2021-02-02T03:31:53.830Z] ----------------------------------------------------------------------
[debug] [2021-02-02T03:31:53.831Z] 
[debug] [2021-02-02T03:31:53.839Z] > command requires scopes: ["email","openid","https://www.googleapis.com/auth/cloudplatformprojects.readonly","https://www.googleapis.com/auth/firebase","https://www.googleapis.com/auth/cloud-platform"]
[debug] [2021-02-02T03:31:53.839Z] > authorizing via signed-in user
[info] 
     ######## #### ########  ######## ########     ###     ######  ########
     ##        ##  ##     ## ##       ##     ##  ##   ##  ##       ##
     ######    ##  ########  ######   ########  #########  ######  ######
     ##        ##  ##    ##  ##       ##     ## ##     ##       ## ##
     ##       #### ##     ## ######## ########  ##     ##  ######  ########

You're about to initialize a Firebase project in this directory:

  D:\GitHub\PathLightProPortal

Before we get started, keep in mind:

  * You are initializing in an existing Firebase project directory

[info] 
=== Project Setup
[info] 
[info] First, let's associate this project directory with a Firebase project.
[info] You can create multiple project aliases by running firebase use --add, 
[info] but for now we'll just set up a default project.
[info] 
[info] i  .firebaserc already has a default project, using pathlightpro-4d082. 
[debug] [2021-02-02T03:32:01.709Z] >>> [apiv2][query] GET https://firebase.googleapis.com/v1beta1/projects/pathlightpro-4d082 [none]
[debug] [2021-02-02T03:32:02.041Z] <<< [apiv2][status] GET https://firebase.googleapis.com/v1beta1/projects/pathlightpro-4d082 401
[debug] [2021-02-02T03:32:02.042Z] <<< [apiv2][body] GET https://firebase.googleapis.com/v1beta1/projects/pathlightpro-4d082 {"error":{"code":401,"message":"Request had invalid authentication credentials. Expected OAuth 2 access token, login cookie or other valid authentication credential. See https://developers.google.com/identity/sign-in/web/devconsole-project.","status":"UNAUTHENTICATED"}}
[debug] [2021-02-02T03:32:02.042Z] HTTP Error: 401, Request had invalid authentication credentials. Expected OAuth 2 access token, login cookie or other valid authentication credential. See https://developers.google.com/identity/sign-in/web/devconsole-project.
[debug] [2021-02-02T03:32:02.357Z] FirebaseError: HTTP Error: 401, Request had invalid authentication credentials. Expected OAuth 2 access token, login cookie or other valid authentication credential. See https://developers.google.com/identity/sign-in/web/devconsole-project.
    at module.exports (C:\Users\gonza\AppData\Roaming\npm\node_modules\firebase-tools\lib\responseToError.js:38:12)
    at Client.doRequest (C:\Users\gonza\AppData\Roaming\npm\node_modules\firebase-tools\lib\apiv2.js:221:23)
    at processTicksAndRejections (internal/process/task_queues.js:97:5)
    at async Client.request (C:\Users\gonza\AppData\Roaming\npm\node_modules\firebase-tools\lib\apiv2.js:93:20)
    at async Object.getFirebaseProject (C:\Users\gonza\AppData\Roaming\npm\node_modules\firebase-tools\lib\management\projects.js:289:21)
    at async Object.doSetup [as project] (C:\Users\gonza\AppData\Roaming\npm\node_modules\firebase-tools\lib\init\features\project.js:77:27)
    at async init (C:\Users\gonza\AppData\Roaming\npm\node_modules\firebase-tools\lib\init\index.js:19:9)
[error] 
[error] Error: Failed to get Firebase project pathlightpro-4d082. Please make sure the project exists and your account has permission to access it.
